2025-04-26 16:19:30.525 [main] INFO  com.saucedemo.reporting.ExtentReportManager - Extent Reports initialized
2025-04-26 16:19:30.560 [main] INFO  com.saucedemo.utils.ConfigReader - Loaded properties from file: src/test/resources/config.properties
2025-04-26 16:19:30.565 [main] INFO  com.saucedemo.utils.ConfigReader - Loaded properties from file: src/test/resources/config.dev.properties
2025-04-26 16:19:30.566 [main] INFO  com.saucedemo.core.BaseTest - Test suite started
2025-04-26 16:19:30.572 [main] INFO  com.saucedemo.reporting.TestListener - Test Suite Started: testng_ci_framework
2025-04-26 16:19:30.626 [main] INFO  com.saucedemo.core.BaseTest - Setting up WebDriver for browser: chrome
2025-04-26 16:19:30.630 [main] INFO  com.saucedemo.core.DriverFactory - Initializing Chrome driver
2025-04-26 16:19:48.163 [main] INFO  com.saucedemo.core.BasePage - Login page initialized
2025-04-26 16:19:48.164 [main] INFO  com.saucedemo.core.BasePage - Logging in with username: standard_user
2025-04-26 16:19:48.164 [main] INFO  com.saucedemo.core.BasePage - Entering username: standard_user
2025-04-26 16:19:48.247 [main] DEBUG com.saucedemo.core.BasePage - Typing 'standard_user' into element: [[ChromeDriver: chrome on windows (0c272f469b1b5ef18e2e8d6a9e940c70)] -> id: user-name]
2025-04-26 16:19:48.464 [main] INFO  com.saucedemo.core.BasePage - Entering password: secret_sauce
2025-04-26 16:19:48.478 [main] DEBUG com.saucedemo.core.BasePage - Typing 'secret_sauce' into element: [[ChromeDriver: chrome on windows (0c272f469b1b5ef18e2e8d6a9e940c70)] -> id: password]
2025-04-26 16:19:48.627 [main] INFO  com.saucedemo.core.BasePage - Clicking login button
2025-04-26 16:19:48.641 [main] DEBUG com.saucedemo.core.BasePage - Clicking on element: [[ChromeDriver: chrome on windows (0c272f469b1b5ef18e2e8d6a9e940c70)] -> id: login-button]
2025-04-26 16:19:48.946 [main] INFO  com.saucedemo.core.BasePage - Products page initialized
2025-04-26 16:19:48.946 [main] INFO  com.saucedemo.core.BasePage - Checking if on products page
2025-04-26 16:19:49.015 [main] INFO  com.saucedemo.reporting.TestListener - Test Started: testAddMultipleProductsToCart
2025-04-26 16:19:49.024 [main] INFO  com.saucedemo.reporting.ExtentReportManager - Created test in Extent Reports: testAddMultipleProductsToCart
2025-04-26 16:19:49.025 [main] INFO  com.saucedemo.core.BaseTest - Starting test: testAddMultipleProductsToCart
2025-04-26 16:19:49.025 [main] INFO  com.saucedemo.core.BasePage - Adding product to cart: Sauce Labs Backpack
2025-04-26 16:19:49.026 [main] DEBUG com.saucedemo.core.BasePage - Clicking on element by locator: By.xpath: //div[text()='Sauce Labs Backpack']/ancestor::div[@class='inventory_item']//button
2025-04-26 16:19:49.132 [main] INFO  com.saucedemo.core.BasePage - Adding product to cart: Sauce Labs Bike Light
2025-04-26 16:19:49.133 [main] DEBUG com.saucedemo.core.BasePage - Clicking on element by locator: By.xpath: //div[text()='Sauce Labs Bike Light']/ancestor::div[@class='inventory_item']//button
2025-04-26 16:19:49.232 [main] INFO  com.saucedemo.core.BasePage - Opening cart
2025-04-26 16:19:49.251 [main] DEBUG com.saucedemo.core.BasePage - Clicking on element: [[ChromeDriver: chrome on windows (0c272f469b1b5ef18e2e8d6a9e940c70)] -> class name: shopping_cart_link]
2025-04-26 16:19:49.390 [main] INFO  com.saucedemo.core.BasePage - Cart page initialized
2025-04-26 16:19:49.390 [main] INFO  com.saucedemo.core.BasePage - Checking if on cart page
2025-04-26 16:19:49.390 [main] INFO  com.saucedemo.core.BasePage - Getting page title text
2025-04-26 16:19:49.439 [main] INFO  com.saucedemo.core.BasePage - Getting number of cart items
2025-04-26 16:19:49.472 [main] INFO  com.saucedemo.core.BasePage - Getting all cart item names
2025-04-26 16:19:49.528 [main] INFO  com.saucedemo.core.BasePage - Getting all cart item names
2025-04-26 16:19:49.609 [main] INFO  com.saucedemo.reporting.TestListener - Test Passed: testAddMultipleProductsToCart
2025-04-26 16:19:49.621 [main] INFO  com.saucedemo.core.BaseTest - Tearing down WebDriver
2025-04-26 16:19:50.858 [main] INFO  com.saucedemo.core.BaseTest - Setting up WebDriver for browser: chrome
2025-04-26 16:19:50.858 [main] INFO  com.saucedemo.core.DriverFactory - Initializing Chrome driver
2025-04-26 16:19:59.470 [main] INFO  com.saucedemo.core.BasePage - Login page initialized
2025-04-26 16:19:59.471 [main] INFO  com.saucedemo.core.BasePage - Logging in with username: standard_user
2025-04-26 16:19:59.471 [main] INFO  com.saucedemo.core.BasePage - Entering username: standard_user
2025-04-26 16:19:59.508 [main] DEBUG com.saucedemo.core.BasePage - Typing 'standard_user' into element: [[ChromeDriver: chrome on windows (13f4f5084ad14fffe8a9437ff80c90c2)] -> id: user-name]
2025-04-26 16:19:59.797 [main] INFO  com.saucedemo.core.BasePage - Entering password: secret_sauce
2025-04-26 16:19:59.813 [main] DEBUG com.saucedemo.core.BasePage - Typing 'secret_sauce' into element: [[ChromeDriver: chrome on windows (13f4f5084ad14fffe8a9437ff80c90c2)] -> id: password]
2025-04-26 16:19:59.950 [main] INFO  com.saucedemo.core.BasePage - Clicking login button
2025-04-26 16:19:59.966 [main] DEBUG com.saucedemo.core.BasePage - Clicking on element: [[ChromeDriver: chrome on windows (13f4f5084ad14fffe8a9437ff80c90c2)] -> id: login-button]
2025-04-26 16:20:00.511 [main] INFO  com.saucedemo.core.BasePage - Products page initialized
2025-04-26 16:20:00.512 [main] INFO  com.saucedemo.core.BasePage - Checking if on products page
2025-04-26 16:20:00.612 [main] INFO  com.saucedemo.reporting.TestListener - Test Started: testAddProductToCart
2025-04-26 16:20:00.613 [main] INFO  com.saucedemo.reporting.ExtentReportManager - Created test in Extent Reports: testAddProductToCart
2025-04-26 16:20:00.613 [main] INFO  com.saucedemo.core.BaseTest - Starting test: testAddProductToCart
2025-04-26 16:20:00.614 [main] INFO  com.saucedemo.core.BasePage - Adding product to cart: Sauce Labs Backpack
2025-04-26 16:20:00.615 [main] DEBUG com.saucedemo.core.BasePage - Clicking on element by locator: By.xpath: //div[text()='Sauce Labs Backpack']/ancestor::div[@class='inventory_item']//button
2025-04-26 16:20:00.777 [main] INFO  com.saucedemo.core.BasePage - Opening cart
2025-04-26 16:20:00.799 [main] DEBUG com.saucedemo.core.BasePage - Clicking on element: [[ChromeDriver: chrome on windows (13f4f5084ad14fffe8a9437ff80c90c2)] -> class name: shopping_cart_link]
2025-04-26 16:20:00.973 [main] INFO  com.saucedemo.core.BasePage - Cart page initialized
2025-04-26 16:20:00.973 [main] INFO  com.saucedemo.core.BasePage - Checking if on cart page
2025-04-26 16:20:00.973 [main] INFO  com.saucedemo.core.BasePage - Getting page title text
2025-04-26 16:20:01.042 [main] INFO  com.saucedemo.core.BasePage - Getting number of cart items
2025-04-26 16:20:01.062 [main] INFO  com.saucedemo.core.BasePage - Getting all cart item names
2025-04-26 16:20:01.112 [main] INFO  com.saucedemo.reporting.TestListener - Test Passed: testAddProductToCart
2025-04-26 16:20:01.114 [main] INFO  com.saucedemo.core.BaseTest - Tearing down WebDriver
2025-04-26 16:20:02.317 [main] INFO  com.saucedemo.core.BaseTest - Setting up WebDriver for browser: chrome
2025-04-26 16:20:02.317 [main] INFO  com.saucedemo.core.DriverFactory - Initializing Chrome driver
2025-04-26 16:20:08.514 [main] INFO  com.saucedemo.core.BasePage - Login page initialized
2025-04-26 16:20:08.516 [main] INFO  com.saucedemo.core.BasePage - Logging in with username: standard_user
2025-04-26 16:20:08.517 [main] INFO  com.saucedemo.core.BasePage - Entering username: standard_user
2025-04-26 16:20:08.557 [main] DEBUG com.saucedemo.core.BasePage - Typing 'standard_user' into element: [[ChromeDriver: chrome on windows (e8610d1e5b276ff0368e4e9671e6ec15)] -> id: user-name]
2025-04-26 16:20:08.824 [main] INFO  com.saucedemo.core.BasePage - Entering password: secret_sauce
2025-04-26 16:20:08.841 [main] DEBUG com.saucedemo.core.BasePage - Typing 'secret_sauce' into element: [[ChromeDriver: chrome on windows (e8610d1e5b276ff0368e4e9671e6ec15)] -> id: password]
2025-04-26 16:20:08.995 [main] INFO  com.saucedemo.core.BasePage - Clicking login button
2025-04-26 16:20:09.012 [main] DEBUG com.saucedemo.core.BasePage - Clicking on element: [[ChromeDriver: chrome on windows (e8610d1e5b276ff0368e4e9671e6ec15)] -> id: login-button]
2025-04-26 16:20:09.194 [main] INFO  com.saucedemo.core.BasePage - Products page initialized
2025-04-26 16:20:09.194 [main] INFO  com.saucedemo.core.BasePage - Checking if on products page
2025-04-26 16:20:09.271 [main] INFO  com.saucedemo.reporting.TestListener - Test Started: testContinueShopping
2025-04-26 16:20:09.272 [main] INFO  com.saucedemo.reporting.ExtentReportManager - Created test in Extent Reports: testContinueShopping
2025-04-26 16:20:09.272 [main] INFO  com.saucedemo.core.BaseTest - Starting test: testContinueShopping
2025-04-26 16:20:09.272 [main] INFO  com.saucedemo.core.BasePage - Opening cart
2025-04-26 16:20:09.288 [main] DEBUG com.saucedemo.core.BasePage - Clicking on element: [[ChromeDriver: chrome on windows (e8610d1e5b276ff0368e4e9671e6ec15)] -> class name: shopping_cart_link]
2025-04-26 16:20:09.445 [main] INFO  com.saucedemo.core.BasePage - Cart page initialized
2025-04-26 16:20:09.445 [main] INFO  com.saucedemo.core.BasePage - Checking if on cart page
2025-04-26 16:20:09.445 [main] INFO  com.saucedemo.core.BasePage - Getting page title text
2025-04-26 16:20:09.499 [main] INFO  com.saucedemo.core.BasePage - Continuing shopping
2025-04-26 16:20:09.512 [main] DEBUG com.saucedemo.core.BasePage - Clicking on element: [[ChromeDriver: chrome on windows (e8610d1e5b276ff0368e4e9671e6ec15)] -> id: continue-shopping]
2025-04-26 16:20:09.631 [main] INFO  com.saucedemo.core.BasePage - Products page initialized
2025-04-26 16:20:09.631 [main] INFO  com.saucedemo.core.BasePage - Checking if on products page
2025-04-26 16:20:09.689 [main] ERROR com.saucedemo.reporting.TestListener - Test Failed: testContinueShopping
2025-04-26 16:20:09.689 [main] ERROR com.saucedemo.reporting.TestListener - Exception: Failed to navigate back to products page expected [true] but found [false]
2025-04-26 16:20:09.892 [main] INFO  com.saucedemo.utils.ScreenshotUtils - Screenshot saved to: target/screenshots/testContinueShopping_20250426-162009.png
2025-04-26 16:20:09.902 [main] INFO  com.saucedemo.core.BaseTest - Tearing down WebDriver
2025-04-26 16:20:11.140 [main] INFO  com.saucedemo.core.BaseTest - Setting up WebDriver for browser: chrome
2025-04-26 16:20:11.140 [main] INFO  com.saucedemo.core.DriverFactory - Initializing Chrome driver
2025-04-26 16:20:18.914 [main] INFO  com.saucedemo.core.BasePage - Login page initialized
2025-04-26 16:20:18.914 [main] INFO  com.saucedemo.core.BasePage - Logging in with username: standard_user
2025-04-26 16:20:18.914 [main] INFO  com.saucedemo.core.BasePage - Entering username: standard_user
2025-04-26 16:20:18.948 [main] DEBUG com.saucedemo.core.BasePage - Typing 'standard_user' into element: [[ChromeDriver: chrome on windows (19a12b55fcf0262588bcfc62ffdcb43d)] -> id: user-name]
2025-04-26 16:20:19.192 [main] INFO  com.saucedemo.core.BasePage - Entering password: secret_sauce
2025-04-26 16:20:19.204 [main] DEBUG com.saucedemo.core.BasePage - Typing 'secret_sauce' into element: [[ChromeDriver: chrome on windows (19a12b55fcf0262588bcfc62ffdcb43d)] -> id: password]
2025-04-26 16:20:19.340 [main] INFO  com.saucedemo.core.BasePage - Clicking login button
2025-04-26 16:20:19.353 [main] DEBUG com.saucedemo.core.BasePage - Clicking on element: [[ChromeDriver: chrome on windows (19a12b55fcf0262588bcfc62ffdcb43d)] -> id: login-button]
2025-04-26 16:20:19.515 [main] INFO  com.saucedemo.core.BasePage - Products page initialized
2025-04-26 16:20:19.517 [main] INFO  com.saucedemo.core.BasePage - Checking if on products page
2025-04-26 16:20:19.584 [main] INFO  com.saucedemo.reporting.TestListener - Test Started: testRemoveProductFromCart
2025-04-26 16:20:19.584 [main] INFO  com.saucedemo.reporting.ExtentReportManager - Created test in Extent Reports: testRemoveProductFromCart
2025-04-26 16:20:19.584 [main] INFO  com.saucedemo.core.BaseTest - Starting test: testRemoveProductFromCart
2025-04-26 16:20:19.584 [main] INFO  com.saucedemo.core.BasePage - Adding product to cart: Sauce Labs Backpack
2025-04-26 16:20:19.585 [main] DEBUG com.saucedemo.core.BasePage - Clicking on element by locator: By.xpath: //div[text()='Sauce Labs Backpack']/ancestor::div[@class='inventory_item']//button
2025-04-26 16:20:19.678 [main] INFO  com.saucedemo.core.BasePage - Opening cart
2025-04-26 16:20:19.693 [main] DEBUG com.saucedemo.core.BasePage - Clicking on element: [[ChromeDriver: chrome on windows (19a12b55fcf0262588bcfc62ffdcb43d)] -> class name: shopping_cart_link]
2025-04-26 16:20:19.790 [main] INFO  com.saucedemo.core.BasePage - Cart page initialized
2025-04-26 16:20:19.791 [main] INFO  com.saucedemo.core.BasePage - Checking if on cart page
2025-04-26 16:20:19.791 [main] INFO  com.saucedemo.core.BasePage - Getting page title text
2025-04-26 16:20:19.845 [main] INFO  com.saucedemo.core.BasePage - Getting number of cart items
2025-04-26 16:20:19.863 [main] INFO  com.saucedemo.core.BasePage - Removing item from cart: Sauce Labs Backpack
2025-04-26 16:20:19.864 [main] DEBUG com.saucedemo.core.BasePage - Clicking on element by locator: By.xpath: //div[text()='Sauce Labs Backpack']/ancestor::div[@class='cart_item']//button
2025-04-26 16:20:19.965 [main] INFO  com.saucedemo.core.BasePage - Getting number of cart items
2025-04-26 16:20:30.034 [main] INFO  com.saucedemo.reporting.TestListener - Test Passed: testRemoveProductFromCart
2025-04-26 16:20:30.035 [main] INFO  com.saucedemo.core.BaseTest - Tearing down WebDriver
2025-04-26 16:20:31.426 [main] INFO  com.saucedemo.reporting.TestListener - Test Suite Finished: testng_ci_framework
2025-04-26 16:20:31.911 [main] INFO  com.saucedemo.reporting.ExtentReportManager - Extent Reports flushed
2025-04-26 16:20:31.940 [main] INFO  com.saucedemo.reporting.ExtentReportManager - Extent Reports flushed
2025-04-26 16:20:31.940 [main] INFO  com.saucedemo.core.BaseTest - Test suite completed
2025-04-26 16:22:33.041 [main] INFO  com.saucedemo.reporting.ExtentReportManager - Extent Reports initialized
2025-04-26 16:22:33.062 [main] INFO  com.saucedemo.utils.ConfigReader - Loaded properties from file: src/test/resources/config.properties
2025-04-26 16:22:33.068 [main] INFO  com.saucedemo.utils.ConfigReader - Loaded properties from file: src/test/resources/config.dev.properties
2025-04-26 16:22:33.069 [main] INFO  com.saucedemo.core.BaseTest - Test suite started
2025-04-26 16:22:33.074 [main] INFO  com.saucedemo.reporting.TestListener - Test Suite Started: testng_ci_framework
2025-04-26 16:22:33.098 [main] INFO  com.saucedemo.core.BaseTest - Setting up WebDriver for browser: chrome
2025-04-26 16:22:33.101 [main] INFO  com.saucedemo.core.DriverFactory - Initializing Chrome driver
2025-04-26 16:22:40.612 [main] INFO  com.saucedemo.core.BasePage - Login page initialized
2025-04-26 16:22:40.612 [main] INFO  com.saucedemo.core.BasePage - Logging in with username: standard_user
2025-04-26 16:22:40.612 [main] INFO  com.saucedemo.core.BasePage - Entering username: standard_user
2025-04-26 16:22:40.643 [main] DEBUG com.saucedemo.core.BasePage - Typing 'standard_user' into element: [[ChromeDriver: chrome on windows (c46c9416f4f591e7913cf02ab4901800)] -> id: user-name]
2025-04-26 16:22:40.845 [main] INFO  com.saucedemo.core.BasePage - Entering password: secret_sauce
2025-04-26 16:22:40.861 [main] DEBUG com.saucedemo.core.BasePage - Typing 'secret_sauce' into element: [[ChromeDriver: chrome on windows (c46c9416f4f591e7913cf02ab4901800)] -> id: password]
2025-04-26 16:22:41.023 [main] INFO  com.saucedemo.core.BasePage - Clicking login button
2025-04-26 16:22:41.045 [main] DEBUG com.saucedemo.core.BasePage - Clicking on element: [[ChromeDriver: chrome on windows (c46c9416f4f591e7913cf02ab4901800)] -> id: login-button]
2025-04-26 16:22:41.241 [main] INFO  com.saucedemo.core.BasePage - Products page initialized
2025-04-26 16:22:41.241 [main] INFO  com.saucedemo.core.BasePage - Adding product to cart: Sauce Labs Backpack
2025-04-26 16:22:41.241 [main] DEBUG com.saucedemo.core.BasePage - Clicking on element by locator: By.xpath: //div[text()='Sauce Labs Backpack']/ancestor::div[@class='inventory_item']//button
2025-04-26 16:22:41.370 [main] INFO  com.saucedemo.core.BasePage - Opening cart
2025-04-26 16:22:41.391 [main] DEBUG com.saucedemo.core.BasePage - Clicking on element: [[ChromeDriver: chrome on windows (c46c9416f4f591e7913cf02ab4901800)] -> class name: shopping_cart_link]
2025-04-26 16:22:41.551 [main] INFO  com.saucedemo.core.BasePage - Cart page initialized
2025-04-26 16:22:41.551 [main] INFO  com.saucedemo.core.BasePage - Checking if on cart page
2025-04-26 16:22:41.551 [main] INFO  com.saucedemo.core.BasePage - Getting page title text
2025-04-26 16:22:41.609 [main] INFO  com.saucedemo.core.BasePage - Getting number of cart items
2025-04-26 16:22:41.626 [main] INFO  com.saucedemo.reporting.TestListener - Test Started: testCancelCheckout
2025-04-26 16:22:41.631 [main] INFO  com.saucedemo.reporting.ExtentReportManager - Created test in Extent Reports: testCancelCheckout
2025-04-26 16:22:41.632 [main] INFO  com.saucedemo.core.BaseTest - Starting test: testCancelCheckout
2025-04-26 16:22:41.632 [main] INFO  com.saucedemo.core.BasePage - Proceeding to checkout
2025-04-26 16:22:41.645 [main] DEBUG com.saucedemo.core.BasePage - Clicking on element: [[ChromeDriver: chrome on windows (c46c9416f4f591e7913cf02ab4901800)] -> id: checkout]
2025-04-26 16:22:41.784 [main] INFO  com.saucedemo.core.BasePage - Checkout page initialized
2025-04-26 16:22:41.784 [main] INFO  com.saucedemo.core.BasePage - Clicking cancel button
2025-04-26 16:22:41.801 [main] DEBUG com.saucedemo.core.BasePage - Clicking on element: [[ChromeDriver: chrome on windows (c46c9416f4f591e7913cf02ab4901800)] -> id: cancel]
2025-04-26 16:22:41.907 [main] INFO  com.saucedemo.core.BasePage - Cart page initialized
2025-04-26 16:22:41.907 [main] INFO  com.saucedemo.core.BasePage - Checking if on cart page
2025-04-26 16:22:41.907 [main] INFO  com.saucedemo.core.BasePage - Getting page title text
2025-04-26 16:22:41.950 [main] INFO  com.saucedemo.reporting.TestListener - Test Passed: testCancelCheckout
2025-04-26 16:22:41.954 [main] INFO  com.saucedemo.core.BaseTest - Tearing down WebDriver
2025-04-26 16:22:43.102 [main] INFO  com.saucedemo.core.BaseTest - Setting up WebDriver for browser: chrome
2025-04-26 16:22:43.103 [main] INFO  com.saucedemo.core.DriverFactory - Initializing Chrome driver
2025-04-26 16:22:49.645 [main] INFO  com.saucedemo.core.BasePage - Login page initialized
2025-04-26 16:22:49.646 [main] INFO  com.saucedemo.core.BasePage - Logging in with username: standard_user
2025-04-26 16:22:49.646 [main] INFO  com.saucedemo.core.BasePage - Entering username: standard_user
2025-04-26 16:22:49.672 [main] DEBUG com.saucedemo.core.BasePage - Typing 'standard_user' into element: [[ChromeDriver: chrome on windows (cfde2ca7b2736a1a0ef3db7b56bea32d)] -> id: user-name]
2025-04-26 16:22:49.891 [main] INFO  com.saucedemo.core.BasePage - Entering password: secret_sauce
2025-04-26 16:22:49.910 [main] DEBUG com.saucedemo.core.BasePage - Typing 'secret_sauce' into element: [[ChromeDriver: chrome on windows (cfde2ca7b2736a1a0ef3db7b56bea32d)] -> id: password]
2025-04-26 16:22:50.063 [main] INFO  com.saucedemo.core.BasePage - Clicking login button
2025-04-26 16:22:50.078 [main] DEBUG com.saucedemo.core.BasePage - Clicking on element: [[ChromeDriver: chrome on windows (cfde2ca7b2736a1a0ef3db7b56bea32d)] -> id: login-button]
2025-04-26 16:22:50.285 [main] INFO  com.saucedemo.core.BasePage - Products page initialized
2025-04-26 16:22:50.285 [main] INFO  com.saucedemo.core.BasePage - Adding product to cart: Sauce Labs Backpack
2025-04-26 16:22:50.285 [main] DEBUG com.saucedemo.core.BasePage - Clicking on element by locator: By.xpath: //div[text()='Sauce Labs Backpack']/ancestor::div[@class='inventory_item']//button
2025-04-26 16:22:50.406 [main] INFO  com.saucedemo.core.BasePage - Opening cart
2025-04-26 16:22:50.424 [main] DEBUG com.saucedemo.core.BasePage - Clicking on element: [[ChromeDriver: chrome on windows (cfde2ca7b2736a1a0ef3db7b56bea32d)] -> class name: shopping_cart_link]
2025-04-26 16:22:50.533 [main] INFO  com.saucedemo.core.BasePage - Cart page initialized
2025-04-26 16:22:50.533 [main] INFO  com.saucedemo.core.BasePage - Checking if on cart page
2025-04-26 16:22:50.534 [main] INFO  com.saucedemo.core.BasePage - Getting page title text
2025-04-26 16:22:50.599 [main] INFO  com.saucedemo.core.BasePage - Getting number of cart items
2025-04-26 16:22:50.614 [main] INFO  com.saucedemo.reporting.TestListener - Test Started: testCheckoutEmptyFirstName
2025-04-26 16:22:50.614 [main] INFO  com.saucedemo.reporting.ExtentReportManager - Created test in Extent Reports: testCheckoutEmptyFirstName
2025-04-26 16:22:50.614 [main] INFO  com.saucedemo.core.BaseTest - Starting test: testCheckoutEmptyFirstName
2025-04-26 16:22:50.614 [main] INFO  com.saucedemo.core.BasePage - Proceeding to checkout
2025-04-26 16:22:50.628 [main] DEBUG com.saucedemo.core.BasePage - Clicking on element: [[ChromeDriver: chrome on windows (cfde2ca7b2736a1a0ef3db7b56bea32d)] -> id: checkout]
2025-04-26 16:22:50.751 [main] INFO  com.saucedemo.core.BasePage - Checkout page initialized
2025-04-26 16:22:50.752 [main] INFO  com.saucedemo.core.BasePage - Entering last name: Doe
2025-04-26 16:23:05.253 [main] DEBUG com.saucedemo.core.BasePage - Typing 'Doe' into element: [!!!com.sun.proxy.$Proxy36@7944b8b4=>org.openqa.selenium.remote.UnreachableBrowserException:Error communicating with the remote browser. It may have died.
Build info: version: '4.12.1', revision: '8e34639b11'
System info: os.name: 'Windows 10', os.arch: 'amd64', os.version: '10.0', java.version: '15'
Driver info: org.openqa.selenium.chrome.ChromeDriver
Command: [cfde2ca7b2736a1a0ef3db7b56bea32d, findElement [using, value]]
Capabilities {acceptInsecureCerts: false, browserName: chrome, browserVersion: 135.0.7049.97, chrome: {chromedriverVersion: 135.0.7049.114 (63fd8a7d9d0..., userDataDir: D:\Users\ansinha\AppData\Lo...}, fedcm:accounts: true, goog:chromeOptions: {debuggerAddress: localhost:64167}, networkConnectionEnabled: false, pageLoadStrategy: normal, platformName: windows, proxy: Proxy(), se:cdp: ws://localhost:64167/devtoo..., se:cdpVersion: 135.0.7049.97, setWindowRect: true, strictFileInteractability: false, timeouts: {implicit: 0, pageLoad: 300000, script: 30000}, unhandledPromptBehavior: dismiss and notify, webauthn:extension:credBlob: true, webauthn:extension:largeBlob: true, webauthn:extension:minPinLength: true, webauthn:extension:prf: true, webauthn:virtualAuthenticators: true}
Session ID: cfde2ca7b2736a1a0ef3db7b56bea32d!!!]
2025-04-26 16:23:09.335 [main] ERROR com.saucedemo.reporting.TestListener - Test Failed: testCheckoutEmptyFirstName
2025-04-26 16:23:09.336 [main] ERROR com.saucedemo.reporting.TestListener - Exception: Error communicating with the remote browser. It may have died.
Build info: version: '4.12.1', revision: '8e34639b11'
System info: os.name: 'Windows 10', os.arch: 'amd64', os.version: '10.0', java.version: '15'
Driver info: org.openqa.selenium.chrome.ChromeDriver
Command: [cfde2ca7b2736a1a0ef3db7b56bea32d, findElement [using, value]]
Capabilities {acceptInsecureCerts: false, browserName: chrome, browserVersion: 135.0.7049.97, chrome: {chromedriverVersion: 135.0.7049.114 (63fd8a7d9d0..., userDataDir: D:\Users\ansinha\AppData\Lo...}, fedcm:accounts: true, goog:chromeOptions: {debuggerAddress: localhost:64167}, networkConnectionEnabled: false, pageLoadStrategy: normal, platformName: windows, proxy: Proxy(), se:cdp: ws://localhost:64167/devtoo..., se:cdpVersion: 135.0.7049.97, setWindowRect: true, strictFileInteractability: false, timeouts: {implicit: 0, pageLoad: 300000, script: 30000}, unhandledPromptBehavior: dismiss and notify, webauthn:extension:credBlob: true, webauthn:extension:largeBlob: true, webauthn:extension:minPinLength: true, webauthn:extension:prf: true, webauthn:virtualAuthenticators: true}
Session ID: cfde2ca7b2736a1a0ef3db7b56bea32d
2025-04-26 16:23:13.428 [main] ERROR com.saucedemo.reporting.TestListener - Test Failed: testCheckoutEmptyFirstName
2025-04-26 16:23:13.428 [main] ERROR com.saucedemo.reporting.TestListener - Exception: Error communicating with the remote browser. It may have died.
Build info: version: '4.12.1', revision: '8e34639b11'
System info: os.name: 'Windows 10', os.arch: 'amd64', os.version: '10.0', java.version: '15'
Driver info: org.openqa.selenium.chrome.ChromeDriver
Command: [cfde2ca7b2736a1a0ef3db7b56bea32d, screenshot []]
Capabilities {acceptInsecureCerts: false, browserName: chrome, browserVersion: 135.0.7049.97, chrome: {chromedriverVersion: 135.0.7049.114 (63fd8a7d9d0..., userDataDir: D:\Users\ansinha\AppData\Lo...}, fedcm:accounts: true, goog:chromeOptions: {debuggerAddress: localhost:64167}, networkConnectionEnabled: false, pageLoadStrategy: normal, platformName: windows, proxy: Proxy(), se:cdp: ws://localhost:64167/devtoo..., se:cdpVersion: 135.0.7049.97, setWindowRect: true, strictFileInteractability: false, timeouts: {implicit: 0, pageLoad: 300000, script: 30000}, unhandledPromptBehavior: dismiss and notify, webauthn:extension:credBlob: true, webauthn:extension:largeBlob: true, webauthn:extension:minPinLength: true, webauthn:extension:prf: true, webauthn:virtualAuthenticators: true}
Session ID: cfde2ca7b2736a1a0ef3db7b56bea32d
2025-04-26 16:23:17.517 [main] INFO  com.saucedemo.reporting.TestListener - Test Suite Finished: testng_ci_framework
2025-04-26 16:23:17.774 [main] INFO  com.saucedemo.reporting.ExtentReportManager - Extent Reports flushed
2025-04-26 16:23:51.681 [main] INFO  com.saucedemo.reporting.ExtentReportManager - Extent Reports initialized
2025-04-26 16:23:51.703 [main] INFO  com.saucedemo.utils.ConfigReader - Loaded properties from file: src/test/resources/config.properties
2025-04-26 16:23:51.709 [main] INFO  com.saucedemo.utils.ConfigReader - Loaded properties from file: src/test/resources/config.dev.properties
2025-04-26 16:23:51.710 [main] INFO  com.saucedemo.core.BaseTest - Test suite started
2025-04-26 16:23:51.718 [main] INFO  com.saucedemo.reporting.TestListener - Test Suite Started: testng_ci_framework
2025-04-26 16:23:51.739 [main] INFO  com.saucedemo.core.BaseTest - Setting up WebDriver for browser: chrome
2025-04-26 16:23:51.744 [main] INFO  com.saucedemo.core.DriverFactory - Initializing Chrome driver
2025-04-26 16:24:01.744 [main] INFO  com.saucedemo.core.BasePage - Login page initialized
2025-04-26 16:24:01.744 [main] INFO  com.saucedemo.core.BasePage - Logging in with username: standard_user
2025-04-26 16:24:01.744 [main] INFO  com.saucedemo.core.BasePage - Entering username: standard_user
2025-04-26 16:24:01.773 [main] DEBUG com.saucedemo.core.BasePage - Typing 'standard_user' into element: [[ChromeDriver: chrome on windows (6f242aa4174a4e73f4b7aa891bca2cc8)] -> id: user-name]
2025-04-26 16:24:02.004 [main] INFO  com.saucedemo.core.BasePage - Entering password: secret_sauce
2025-04-26 16:24:02.017 [main] DEBUG com.saucedemo.core.BasePage - Typing 'secret_sauce' into element: [[ChromeDriver: chrome on windows (6f242aa4174a4e73f4b7aa891bca2cc8)] -> id: password]
2025-04-26 16:24:02.129 [main] INFO  com.saucedemo.core.BasePage - Clicking login button
2025-04-26 16:24:02.142 [main] DEBUG com.saucedemo.core.BasePage - Clicking on element: [[ChromeDriver: chrome on windows (6f242aa4174a4e73f4b7aa891bca2cc8)] -> id: login-button]
2025-04-26 16:24:02.346 [main] INFO  com.saucedemo.core.BasePage - Products page initialized
2025-04-26 16:24:02.346 [main] INFO  com.saucedemo.core.BasePage - Adding product to cart: Sauce Labs Backpack
2025-04-26 16:24:02.347 [main] DEBUG com.saucedemo.core.BasePage - Clicking on element by locator: By.xpath: //div[text()='Sauce Labs Backpack']/ancestor::div[@class='inventory_item']//button
2025-04-26 16:24:02.481 [main] INFO  com.saucedemo.core.BasePage - Opening cart
2025-04-26 16:24:02.503 [main] DEBUG com.saucedemo.core.BasePage - Clicking on element: [[ChromeDriver: chrome on windows (6f242aa4174a4e73f4b7aa891bca2cc8)] -> class name: shopping_cart_link]
2025-04-26 16:24:02.699 [main] INFO  com.saucedemo.core.BasePage - Cart page initialized
2025-04-26 16:24:02.699 [main] INFO  com.saucedemo.core.BasePage - Checking if on cart page
2025-04-26 16:24:02.699 [main] INFO  com.saucedemo.core.BasePage - Getting page title text
2025-04-26 16:24:02.786 [main] INFO  com.saucedemo.core.BasePage - Getting number of cart items
2025-04-26 16:24:02.804 [main] INFO  com.saucedemo.reporting.TestListener - Test Started: testCheckoutEmptyFirstName
2025-04-26 16:24:02.808 [main] INFO  com.saucedemo.reporting.ExtentReportManager - Created test in Extent Reports: testCheckoutEmptyFirstName
2025-04-26 16:24:02.809 [main] INFO  com.saucedemo.core.BaseTest - Starting test: testCheckoutEmptyFirstName
2025-04-26 16:24:02.809 [main] INFO  com.saucedemo.core.BasePage - Proceeding to checkout
2025-04-26 16:24:02.825 [main] DEBUG com.saucedemo.core.BasePage - Clicking on element: [[ChromeDriver: chrome on windows (6f242aa4174a4e73f4b7aa891bca2cc8)] -> id: checkout]
2025-04-26 16:24:02.978 [main] INFO  com.saucedemo.core.BasePage - Checkout page initialized
2025-04-26 16:24:02.978 [main] INFO  com.saucedemo.core.BasePage - Entering last name: Doe
2025-04-26 16:24:13.008 [main] DEBUG com.saucedemo.core.BasePage - Typing 'Doe' into element: Proxy element for: DefaultElementLocator 'By.id: last-name'
2025-04-26 16:24:27.527 [main] INFO  com.saucedemo.reporting.ExtentReportManager - Extent Reports initialized
2025-04-26 16:24:27.555 [main] INFO  com.saucedemo.utils.ConfigReader - Loaded properties from file: src/test/resources/config.properties
2025-04-26 16:24:27.561 [main] INFO  com.saucedemo.utils.ConfigReader - Loaded properties from file: src/test/resources/config.dev.properties
2025-04-26 16:24:27.561 [main] INFO  com.saucedemo.core.BaseTest - Test suite started
2025-04-26 16:24:27.569 [main] INFO  com.saucedemo.reporting.TestListener - Test Suite Started: testng_ci_framework
2025-04-26 16:24:27.600 [main] INFO  com.saucedemo.core.BaseTest - Setting up WebDriver for browser: chrome
2025-04-26 16:28:57.658 [main] INFO  com.saucedemo.core.DriverFactory - Initializing Chrome driver
2025-04-26 16:29:40.469 [main] INFO  com.saucedemo.core.BasePage - Login page initialized
2025-04-26 16:29:40.470 [main] INFO  com.saucedemo.core.BasePage - Logging in with username: standard_user
2025-04-26 16:29:40.470 [main] INFO  com.saucedemo.core.BasePage - Entering username: standard_user
2025-04-26 16:29:40.494 [main] DEBUG com.saucedemo.core.BasePage - Typing 'standard_user' into element: [[ChromeDriver: chrome on windows (4ce4f72f47f696bdf95e94107e095145)] -> id: user-name]
2025-04-26 16:29:40.804 [main] INFO  com.saucedemo.core.BasePage - Entering password: secret_sauce
2025-04-26 16:29:40.830 [main] DEBUG com.saucedemo.core.BasePage - Typing 'secret_sauce' into element: [[ChromeDriver: chrome on windows (4ce4f72f47f696bdf95e94107e095145)] -> id: password]
2025-04-26 16:29:41.073 [main] INFO  com.saucedemo.core.BasePage - Clicking login button
2025-04-26 16:29:41.099 [main] DEBUG com.saucedemo.core.BasePage - Clicking on element: [[ChromeDriver: chrome on windows (4ce4f72f47f696bdf95e94107e095145)] -> id: login-button]
2025-04-26 16:29:41.447 [main] INFO  com.saucedemo.core.BasePage - Products page initialized
2025-04-26 16:29:41.448 [main] INFO  com.saucedemo.core.BasePage - Adding product to cart: Sauce Labs Backpack
2025-04-26 16:29:41.448 [main] DEBUG com.saucedemo.core.BasePage - Clicking on element by locator: By.xpath: //div[text()='Sauce Labs Backpack']/ancestor::div[@class='inventory_item']//button
2025-04-26 16:29:41.606 [main] INFO  com.saucedemo.core.BasePage - Opening cart
2025-04-26 16:29:41.625 [main] DEBUG com.saucedemo.core.BasePage - Clicking on element: [[ChromeDriver: chrome on windows (4ce4f72f47f696bdf95e94107e095145)] -> class name: shopping_cart_link]
2025-04-26 16:29:41.769 [main] INFO  com.saucedemo.core.BasePage - Cart page initialized
2025-04-26 16:29:41.769 [main] INFO  com.saucedemo.core.BasePage - Checking if on cart page
2025-04-26 16:29:41.770 [main] INFO  com.saucedemo.core.BasePage - Getting page title text
2025-04-26 16:29:41.845 [main] INFO  com.saucedemo.core.BasePage - Getting number of cart items
2025-04-26 16:29:41.872 [main] INFO  com.saucedemo.reporting.TestListener - Test Started: testSuccessfulCheckout
2025-04-26 16:29:41.878 [main] INFO  com.saucedemo.reporting.ExtentReportManager - Created test in Extent Reports: testSuccessfulCheckout
2025-04-26 16:29:41.879 [main] INFO  com.saucedemo.core.BaseTest - Starting test: testSuccessfulCheckout
2025-04-26 16:29:51.280 [main] INFO  com.saucedemo.core.BasePage - Proceeding to checkout
2025-04-26 16:29:51.310 [main] DEBUG com.saucedemo.core.BasePage - Clicking on element: [[ChromeDriver: chrome on windows (4ce4f72f47f696bdf95e94107e095145)] -> id: checkout]
2025-04-26 16:29:59.842 [main] INFO  com.saucedemo.reporting.ExtentReportManager - Extent Reports initialized
2025-04-26 16:29:59.864 [main] INFO  com.saucedemo.utils.ConfigReader - Loaded properties from file: src/test/resources/config.properties
2025-04-26 16:29:59.869 [main] INFO  com.saucedemo.utils.ConfigReader - Loaded properties from file: src/test/resources/config.dev.properties
2025-04-26 16:29:59.869 [main] INFO  com.saucedemo.core.BaseTest - Test suite started
2025-04-26 16:29:59.880 [main] INFO  com.saucedemo.reporting.TestListener - Test Suite Started: testng_ci_framework
2025-04-26 16:29:59.914 [main] INFO  com.saucedemo.core.BaseTest - Setting up WebDriver for browser: chrome
2025-04-26 16:30:10.765 [main] INFO  com.saucedemo.core.DriverFactory - Initializing Chrome driver
2025-04-26 16:30:27.148 [main] INFO  com.saucedemo.core.BasePage - Login page initialized
2025-04-26 16:30:31.231 [main] INFO  com.saucedemo.core.BasePage - Logging in with username: standard_user
2025-04-26 16:30:31.232 [main] INFO  com.saucedemo.core.BasePage - Entering username: standard_user
2025-04-26 16:30:31.268 [main] DEBUG com.saucedemo.core.BasePage - Typing 'standard_user' into element: [[ChromeDriver: chrome on windows (e3ecca2e054f2fed44bd08b8d86b227a)] -> id: user-name]
2025-04-26 16:30:31.779 [main] INFO  com.saucedemo.core.BasePage - Entering password: secret_sauce
2025-04-26 16:30:31.813 [main] DEBUG com.saucedemo.core.BasePage - Typing 'secret_sauce' into element: [[ChromeDriver: chrome on windows (e3ecca2e054f2fed44bd08b8d86b227a)] -> id: password]
2025-04-26 16:30:32.134 [main] INFO  com.saucedemo.core.BasePage - Clicking login button
2025-04-26 16:30:32.163 [main] DEBUG com.saucedemo.core.BasePage - Clicking on element: [[ChromeDriver: chrome on windows (e3ecca2e054f2fed44bd08b8d86b227a)] -> id: login-button]
2025-04-26 16:30:32.599 [main] INFO  com.saucedemo.core.BasePage - Products page initialized
2025-04-26 16:30:50.522 [main] INFO  com.saucedemo.core.BasePage - Adding product to cart: Sauce Labs Backpack
2025-04-26 16:31:04.510 [main] DEBUG com.saucedemo.core.BasePage - Clicking on element by locator: By.xpath: //div[text()='Sauce Labs Backpack']/ancestor::div[@class='inventory_item']//button
2025-04-26 16:31:15.459 [main] INFO  com.saucedemo.core.BasePage - Opening cart
2025-04-26 16:31:15.482 [main] DEBUG com.saucedemo.core.BasePage - Clicking on element: [[ChromeDriver: chrome on windows (e3ecca2e054f2fed44bd08b8d86b227a)] -> class name: shopping_cart_link]
2025-04-26 16:31:15.843 [main] INFO  com.saucedemo.core.BasePage - Cart page initialized
2025-04-26 16:31:33.647 [main] INFO  com.saucedemo.core.BasePage - Checking if on cart page
2025-04-26 16:31:33.649 [main] INFO  com.saucedemo.core.BasePage - Getting page title text
2025-04-26 16:31:35.133 [main] INFO  com.saucedemo.core.BasePage - Getting number of cart items
2025-04-26 16:31:53.698 [main] INFO  com.saucedemo.reporting.TestListener - Test Started: testSuccessfulCheckout
2025-04-26 16:31:53.708 [main] INFO  com.saucedemo.reporting.ExtentReportManager - Created test in Extent Reports: testSuccessfulCheckout
2025-04-26 16:31:53.709 [main] INFO  com.saucedemo.core.BaseTest - Starting test: testSuccessfulCheckout
2025-04-26 16:31:57.966 [main] INFO  com.saucedemo.core.BasePage - Proceeding to checkout
2025-04-26 16:31:57.998 [main] DEBUG com.saucedemo.core.BasePage - Clicking on element: [[ChromeDriver: chrome on windows (e3ecca2e054f2fed44bd08b8d86b227a)] -> id: checkout]
2025-04-26 16:31:58.365 [main] INFO  com.saucedemo.core.BasePage - Checkout page initialized
2025-04-26 16:32:07.665 [main] INFO  com.saucedemo.core.BasePage - Completing checkout
2025-04-26 16:32:07.665 [main] INFO  com.saucedemo.core.BasePage - Filling checkout form
2025-04-26 16:32:07.666 [main] INFO  com.saucedemo.core.BasePage - Entering first name: John
2025-04-26 16:32:07.700 [main] DEBUG com.saucedemo.core.BasePage - Typing 'John' into element: [[ChromeDriver: chrome on windows (e3ecca2e054f2fed44bd08b8d86b227a)] -> id: first-name]
2025-04-26 16:32:08.008 [main] INFO  com.saucedemo.core.BasePage - Entering last name: Doe
2025-04-26 16:32:08.040 [main] DEBUG com.saucedemo.core.BasePage - Typing 'Doe' into element: [[ChromeDriver: chrome on windows (e3ecca2e054f2fed44bd08b8d86b227a)] -> id: last-name]
2025-04-26 16:32:08.389 [main] INFO  com.saucedemo.core.BasePage - Entering postal code: 12345
2025-04-26 16:32:08.419 [main] DEBUG com.saucedemo.core.BasePage - Typing '12345' into element: [[ChromeDriver: chrome on windows (e3ecca2e054f2fed44bd08b8d86b227a)] -> id: postal-code]
2025-04-26 16:32:08.683 [main] INFO  com.saucedemo.core.BasePage - Clicking continue button
2025-04-26 16:32:08.707 [main] DEBUG com.saucedemo.core.BasePage - Clicking on element: [[ChromeDriver: chrome on windows (e3ecca2e054f2fed44bd08b8d86b227a)] -> id: continue]
2025-04-26 16:32:09.030 [main] INFO  com.saucedemo.core.BasePage - Clicking finish button
2025-04-26 16:32:09.061 [main] DEBUG com.saucedemo.core.BasePage - Clicking on element: [[ChromeDriver: chrome on windows (e3ecca2e054f2fed44bd08b8d86b227a)] -> id: finish]
2025-04-26 16:32:10.723 [main] INFO  com.saucedemo.core.BasePage - Checking if order is complete
2025-04-26 16:32:11.930 [main] INFO  com.saucedemo.core.BasePage - Getting order complete header text
2025-04-26 16:59:45.208 [main] INFO  com.saucedemo.reporting.TestListener - Test Passed: testSuccessfulCheckout
2025-04-26 16:59:45.228 [main] INFO  com.saucedemo.core.BaseTest - Tearing down WebDriver
2025-04-26 16:59:46.444 [main] INFO  com.saucedemo.reporting.TestListener - Test Suite Finished: testng_ci_framework
2025-04-26 16:59:47.026 [main] INFO  com.saucedemo.reporting.ExtentReportManager - Extent Reports flushed
2025-04-26 16:59:47.057 [main] INFO  com.saucedemo.reporting.ExtentReportManager - Extent Reports flushed
2025-04-26 16:59:47.058 [main] INFO  com.saucedemo.core.BaseTest - Test suite completed
